[2018-12-03 13:35:11][QThGp53mMz5KB2uv7bldRjdygWDh3T3Y] Processing: App\Jobs\SendMessage
[2018-12-03 13:35:12][QThGp53mMz5KB2uv7bldRjdygWDh3T3Y] Processing: App\Jobs\SendMessage
[2018-12-03 13:35:43][QThGp53mMz5KB2uv7bldRjdygWDh3T3Y] Processing: App\Jobs\SendMessage
[2018-12-03 13:35:45][QThGp53mMz5KB2uv7bldRjdygWDh3T3Y] Failed:     App\Jobs\SendMessage
[2018-12-03 13:40:11][9qrMk7leY6ay8QYpe6fC91efn42WPAl4] Processing: App\Jobs\SendMessage
[2018-12-03 13:40:13][9qrMk7leY6ay8QYpe6fC91efn42WPAl4] Processing: App\Jobs\SendMessage
[2018-12-03 13:40:43][9qrMk7leY6ay8QYpe6fC91efn42WPAl4] Processing: App\Jobs\SendMessage
[2018-12-03 13:40:45][9qrMk7leY6ay8QYpe6fC91efn42WPAl4] Failed:     App\Jobs\SendMessage
[2018-12-03 13:45:45][GcScwZRRLSDg5Zkp7nTpHmMlTHKnO2zj] Processing: App\Jobs\SendMessage
[2018-12-03 13:45:46][GcScwZRRLSDg5Zkp7nTpHmMlTHKnO2zj] Processing: App\Jobs\SendMessage
[2018-12-03 13:46:17][GcScwZRRLSDg5Zkp7nTpHmMlTHKnO2zj] Processing: App\Jobs\SendMessage
[2018-12-03 13:46:18][GcScwZRRLSDg5Zkp7nTpHmMlTHKnO2zj] Failed:     App\Jobs\SendMessage
[2018-12-03 13:46:33][hazBDHAfkvAXA5Ja4kHf4hVDpUcXfF4N] Processing: App\Jobs\SendMessage
[2018-12-03 13:46:33][hazBDHAfkvAXA5Ja4kHf4hVDpUcXfF4N] Processed:  App\Jobs\SendMessage
[2018-12-03 13:51:00][5KB04VXERFSpy9VRPOJhZJvkhA94OUIT] Processing: App\Mail\OrderShipped
[2018-12-03 13:51:01][5KB04VXERFSpy9VRPOJhZJvkhA94OUIT] Processing: App\Mail\OrderShipped
[2018-12-03 13:51:32][5KB04VXERFSpy9VRPOJhZJvkhA94OUIT] Processing: App\Mail\OrderShipped
[2018-12-03 13:51:33][5KB04VXERFSpy9VRPOJhZJvkhA94OUIT] Failed:     App\Mail\OrderShipped
[2018-12-03 14:03:21][SYTcYf9oy4sZuJlBFHvCLiEUn18QoNo8] Processing: App\Mail\OrderShipped
[2018-12-03 14:03:21][gdsdskEYQkydbGtmtGWdgOnyQXEXvmDp] Processing: App\Jobs\SendMessage
[2018-12-03 14:03:21][gdsdskEYQkydbGtmtGWdgOnyQXEXvmDp] Processed:  App\Jobs\SendMessage
[2018-12-03 14:03:22][SYTcYf9oy4sZuJlBFHvCLiEUn18QoNo8] Processing: App\Mail\OrderShipped
[2018-12-03 14:03:53][SYTcYf9oy4sZuJlBFHvCLiEUn18QoNo8] Processing: App\Mail\OrderShipped
[2018-12-03 14:03:54][SYTcYf9oy4sZuJlBFHvCLiEUn18QoNo8] Failed:     App\Mail\OrderShipped
[2018-12-03 14:23:16][yykf6CoYawSXGI5pK6uRF8Mxncpe4DCT] Processing: App\Jobs\SendMessage
[2018-12-03 14:23:16][yykf6CoYawSXGI5pK6uRF8Mxncpe4DCT] Processed:  App\Jobs\SendMessage
[2018-12-03 14:46:47][xoirJA8P2zQAEfKReD1Zx5HvRrjglZ2a] Processing: App\Mail\NewsEmail
[2018-12-03 14:47:18][xoirJA8P2zQAEfKReD1Zx5HvRrjglZ2a] Processing: App\Mail\NewsEmail
[2018-12-03 14:47:19][xoirJA8P2zQAEfKReD1Zx5HvRrjglZ2a] Processing: App\Mail\NewsEmail
[2018-12-03 14:47:50][xoirJA8P2zQAEfKReD1Zx5HvRrjglZ2a] Failed:     App\Mail\NewsEmail
[2018-12-03 14:48:46][znlNLZQQjslx0B4X8RUwq6gysCnwfMnM] Processing: App\Jobs\SendMessage
[2018-12-03 14:48:46][znlNLZQQjslx0B4X8RUwq6gysCnwfMnM] Processed:  App\Jobs\SendMessage
[2018-12-03 14:51:34][NgHlBQqwNBBzl4NtLuwoRJAzEUTGcB4M] Processing: App\Mail\NewsEmail
[2018-12-03 14:51:36][NgHlBQqwNBBzl4NtLuwoRJAzEUTGcB4M] Processing: App\Mail\NewsEmail
[2018-12-03 14:52:06][NgHlBQqwNBBzl4NtLuwoRJAzEUTGcB4M] Processing: App\Mail\NewsEmail
[2018-12-03 14:52:08][NgHlBQqwNBBzl4NtLuwoRJAzEUTGcB4M] Failed:     App\Mail\NewsEmail
[2018-12-03 14:53:19][j8R9PnnKc493AoX4HLVTtOF0GjVzEOLb] Processing: App\Jobs\SendMessage
[2018-12-03 14:53:19][j8R9PnnKc493AoX4HLVTtOF0GjVzEOLb] Processing: App\Jobs\SendMessage
[2018-12-03 14:53:19][j8R9PnnKc493AoX4HLVTtOF0GjVzEOLb] Processing: App\Jobs\SendMessage
[2018-12-03 14:53:19][j8R9PnnKc493AoX4HLVTtOF0GjVzEOLb] Failed:     App\Jobs\SendMessage
[2018-12-03 15:02:32][OG9bXCQOaZG44vR9C9wYMw1rz48grtBk] Processing: App\Jobs\SendMessage
[2018-12-03 15:02:32][OG9bXCQOaZG44vR9C9wYMw1rz48grtBk] Processed:  App\Jobs\SendMessage
[2018-12-03 15:02:32][hYnJ0XbTEjAOeHLj0LlE6Ek7NM5OvYav] Processing: App\Mail\NewsEmail
[2018-12-03 15:02:33][hYnJ0XbTEjAOeHLj0LlE6Ek7NM5OvYav] Processing: App\Mail\NewsEmail
[2018-12-03 15:03:04][hYnJ0XbTEjAOeHLj0LlE6Ek7NM5OvYav] Processing: App\Mail\NewsEmail
[2018-12-03 15:03:05][hYnJ0XbTEjAOeHLj0LlE6Ek7NM5OvYav] Failed:     App\Mail\NewsEmail
[2018-12-03 15:07:11][FmWRkBfSnRzaahYGB1MnADHldMb5X29P] Processing: App\Mail\NewsEmail
[2018-12-03 15:07:12][FmWRkBfSnRzaahYGB1MnADHldMb5X29P] Processing: App\Mail\NewsEmail
[2018-12-03 15:07:41][6Z7IVxYtcY7e66AHZlW9plLlqCg7WUND] Processing: App\Mail\NewsEmail
[2018-12-03 15:07:42][6Z7IVxYtcY7e66AHZlW9plLlqCg7WUND] Processing: App\Mail\NewsEmail
[2018-12-03 15:07:43][FmWRkBfSnRzaahYGB1MnADHldMb5X29P] Processing: App\Mail\NewsEmail
[2018-12-03 15:07:44][FmWRkBfSnRzaahYGB1MnADHldMb5X29P] Failed:     App\Mail\NewsEmail
[2018-12-03 15:07:59][vcVhRYYasEGaJVXIz5LEqokl4JciET0X] Processing: App\Mail\NewsEmail
[2018-12-03 15:08:13][6Z7IVxYtcY7e66AHZlW9plLlqCg7WUND] Processing: App\Mail\NewsEmail
[2018-12-03 15:08:14][6Z7IVxYtcY7e66AHZlW9plLlqCg7WUND] Failed:     App\Mail\NewsEmail
[2018-12-03 15:08:30][vcVhRYYasEGaJVXIz5LEqokl4JciET0X] Processing: App\Mail\NewsEmail
[2018-12-03 15:08:31][vcVhRYYasEGaJVXIz5LEqokl4JciET0X] Processing: App\Mail\NewsEmail
[2018-12-03 15:09:02][vcVhRYYasEGaJVXIz5LEqokl4JciET0X] Failed:     App\Mail\NewsEmail
[2018-12-03 15:20:35][pKKdfA6E6DKanVOAmJMYKnQIJBLBEB5s] Processing: App\Jobs\SendMessage
[2018-12-03 15:20:36][pKKdfA6E6DKanVOAmJMYKnQIJBLBEB5s] Processing: App\Jobs\SendMessage
[2018-12-03 15:21:07][pKKdfA6E6DKanVOAmJMYKnQIJBLBEB5s] Processing: App\Jobs\SendMessage
[2018-12-03 15:21:09][pKKdfA6E6DKanVOAmJMYKnQIJBLBEB5s] Failed:     App\Jobs\SendMessage
[2018-12-03 15:25:00][v1LP5HGOW131usEnUlToiGjVbz8irAn9] Processing: App\Jobs\SendMessage
[2018-12-03 15:25:00][v1LP5HGOW131usEnUlToiGjVbz8irAn9] Processing: App\Jobs\SendMessage
[2018-12-03 15:25:00][v1LP5HGOW131usEnUlToiGjVbz8irAn9] Processing: App\Jobs\SendMessage
[2018-12-03 15:25:00][v1LP5HGOW131usEnUlToiGjVbz8irAn9] Failed:     App\Jobs\SendMessage
[2018-12-03 15:26:30][FKj5OWp1accYaDJP8b1JUUJPqCyQimOt] Processing: App\Jobs\SendMessage
[2018-12-03 15:27:01][FKj5OWp1accYaDJP8b1JUUJPqCyQimOt] Processing: App\Jobs\SendMessage
[2018-12-03 15:27:02][FKj5OWp1accYaDJP8b1JUUJPqCyQimOt] Processing: App\Jobs\SendMessage
[2018-12-03 15:27:33][FKj5OWp1accYaDJP8b1JUUJPqCyQimOt] Failed:     App\Jobs\SendMessage
[2018-12-03 15:27:45][muFzHHlgnVP1aYhYy6Voa4Z64R1YZ6dU] Processing: App\Jobs\SendMessage
[2018-12-03 15:27:45][muFzHHlgnVP1aYhYy6Voa4Z64R1YZ6dU] Processed:  App\Jobs\SendMessage
[2018-12-03 15:28:48][l6xiVx6lSOQozWUMDir6kSio9TlkaHTu] Processing: App\Jobs\SendMessage
[2018-12-03 15:28:48][l6xiVx6lSOQozWUMDir6kSio9TlkaHTu] Processed:  App\Jobs\SendMessage
[2018-12-03 15:29:36][CL5mAsauSgZjBrJ7kc0koS3bzLr3zUWB] Processing: App\Jobs\SendMessage
[2018-12-03 15:29:36][CL5mAsauSgZjBrJ7kc0koS3bzLr3zUWB] Processed:  App\Jobs\SendMessage
[2018-12-03 15:30:06][Wbyz4xCYqF7f5ebF8GNeuHxOzDoCWu9g] Processing: App\Jobs\SendMessage
[2018-12-03 15:30:06][Wbyz4xCYqF7f5ebF8GNeuHxOzDoCWu9g] Processed:  App\Jobs\SendMessage
[2018-12-03 15:31:03][wz4YAliGyuZXlG84hXn31UG3C0l92cHN] Processing: App\Jobs\SendMessage
[2018-12-03 15:31:03][wz4YAliGyuZXlG84hXn31UG3C0l92cHN] Processed:  App\Jobs\SendMessage
[2018-12-03 15:31:57][u6inHQrbL1Xb1GLOMCBIZ5QPAEAjGNAj] Processing: App\Jobs\SendMessage
[2018-12-03 15:31:57][u6inHQrbL1Xb1GLOMCBIZ5QPAEAjGNAj] Processed:  App\Jobs\SendMessage
[2018-12-03 15:32:27][V8JDQvyJx8L1H5zZiqaCG8aZ9ORIjCtm] Processing: App\Jobs\SendMessage
[2018-12-03 15:32:27][V8JDQvyJx8L1H5zZiqaCG8aZ9ORIjCtm] Processed:  App\Jobs\SendMessage
[2018-12-03 15:32:57][c2yJRfhty43ek1ADBCww9WxMQYjhb7n1] Processing: App\Jobs\SendMessage
[2018-12-03 15:32:57][c2yJRfhty43ek1ADBCww9WxMQYjhb7n1] Processed:  App\Jobs\SendMessage
[2018-12-03 15:34:15][wobVYRiHpOoHeVXitI0RDQXTmSPcnzwr] Processing: App\Jobs\SendMessage
[2018-12-03 15:34:15][wobVYRiHpOoHeVXitI0RDQXTmSPcnzwr] Processed:  App\Jobs\SendMessage
[2018-12-03 15:38:55][suGMSzqnbZo4DjzG08nJhSPU3GsMyMIg] Processing: App\Jobs\SendMessage
[2018-12-03 15:38:56][suGMSzqnbZo4DjzG08nJhSPU3GsMyMIg] Processed:  App\Jobs\SendMessage
[2018-12-03 15:40:05][xX6OnPWQ7A1SbuKBsmqviGQzRwnw8xYc] Processing: App\Jobs\SendMessage
[2018-12-03 15:40:07][xX6OnPWQ7A1SbuKBsmqviGQzRwnw8xYc] Processed:  App\Jobs\SendMessage
[2018-12-03 15:40:19][CDfEtwg41iJD6ybHNnl0UswbRvCsQO7L] Processing: App\Jobs\SendMessage
[2018-12-03 15:40:20][CDfEtwg41iJD6ybHNnl0UswbRvCsQO7L] Processed:  App\Jobs\SendMessage
[2018-12-03 15:41:05][r7I5N6E6kKlweJU2pV7h5RcdarmqWe4e] Processing: App\Jobs\SendMessage
[2018-12-03 15:41:06][r7I5N6E6kKlweJU2pV7h5RcdarmqWe4e] Processed:  App\Jobs\SendMessage
[2018-12-03 15:42:00][z91wffW43DALtgbq1y8YoRjalBIU8UQz] Processing: App\Jobs\SendMessage
[2018-12-03 15:42:01][z91wffW43DALtgbq1y8YoRjalBIU8UQz] Processed:  App\Jobs\SendMessage
[2018-12-03 15:43:01][OeGNYw2szTTjpQfnI1WLnm0h4q2I8BeB] Processing: App\Jobs\SendMessage
[2018-12-03 15:43:02][OeGNYw2szTTjpQfnI1WLnm0h4q2I8BeB] Processed:  App\Jobs\SendMessage
[2018-12-03 15:44:22][qPD2e62pEfrtazTGSI1KRJ1AccIVbqQD] Processing: App\Jobs\SendMessage
[2018-12-03 15:44:23][qPD2e62pEfrtazTGSI1KRJ1AccIVbqQD] Processed:  App\Jobs\SendMessage
[2018-12-03 15:46:16][1rLtEJtbyGW7w6GZNtJVOfF7KiedoESY] Processing: App\Jobs\SendMessage
[2018-12-03 15:46:17][1rLtEJtbyGW7w6GZNtJVOfF7KiedoESY] Processed:  App\Jobs\SendMessage
[2018-12-03 15:48:17][bd4yQ0jCRXLKkj13gHyUGJEQVVS9UiXC] Processing: App\Jobs\SendMessage
[2018-12-03 15:48:18][bd4yQ0jCRXLKkj13gHyUGJEQVVS9UiXC] Processed:  App\Jobs\SendMessage
[2018-12-04 12:24:48][eQd70bup3V9dxJhoZKXT5J5RTHpEclWA] Processing: App\Jobs\SendMessage
[2018-12-04 12:24:50][eQd70bup3V9dxJhoZKXT5J5RTHpEclWA] Processed:  App\Jobs\SendMessage
[2018-12-04 12:38:05][gosUK3IsWdP5ECyvmAtRbSKI1YQL2xyZ] Processing: App\Jobs\SendMessage
[2018-12-04 12:38:05][gosUK3IsWdP5ECyvmAtRbSKI1YQL2xyZ] Processing: App\Jobs\SendMessage
[2018-12-04 12:38:05][gosUK3IsWdP5ECyvmAtRbSKI1YQL2xyZ] Processing: App\Jobs\SendMessage
[2018-12-04 12:38:05][gosUK3IsWdP5ECyvmAtRbSKI1YQL2xyZ] Failed:     App\Jobs\SendMessage
[2018-12-04 12:39:15][AramHm27M1c90XP3MBLUCcvFozulUVpn] Processing: App\Jobs\SendMessage
[2018-12-04 12:39:15][AramHm27M1c90XP3MBLUCcvFozulUVpn] Processing: App\Jobs\SendMessage
[2018-12-04 12:39:15][AramHm27M1c90XP3MBLUCcvFozulUVpn] Processing: App\Jobs\SendMessage
[2018-12-04 12:39:15][AramHm27M1c90XP3MBLUCcvFozulUVpn] Failed:     App\Jobs\SendMessage
[2018-12-04 12:39:46][4RaCs7dRNkhgcPlVTTfAsp5i8xl6LKfb] Processing: App\Jobs\SendMessage
[2018-12-04 12:39:46][4RaCs7dRNkhgcPlVTTfAsp5i8xl6LKfb] Processed:  App\Jobs\SendMessage
[2018-12-04 12:43:33][Hkypis1kju6j1Sz6S8CZxbjTmLBMRxWU] Processing: App\Jobs\SendMessage
[2018-12-04 12:43:34][Hkypis1kju6j1Sz6S8CZxbjTmLBMRxWU] Processed:  App\Jobs\SendMessage
[2018-12-04 12:46:52][47j8kc9r9T4lsxYtnGe1qzIAVXPN79Sl] Processing: App\Jobs\SendMessage
[2018-12-04 12:46:59][47j8kc9r9T4lsxYtnGe1qzIAVXPN79Sl] Processed:  App\Jobs\SendMessage
[2018-12-04 12:48:23][kcFIuxsFTOe6Npf6pPeK2LRRdGnBvqCJ] Processing: App\Jobs\SendMessage
[2018-12-04 12:48:26][kcFIuxsFTOe6Npf6pPeK2LRRdGnBvqCJ] Processed:  App\Jobs\SendMessage
[2018-12-04 12:49:09][X9F48YNbhqWBcdbnPFsXsyp3zKvdgX60] Processing: App\Jobs\SendMessage
[2018-12-04 12:49:12][X9F48YNbhqWBcdbnPFsXsyp3zKvdgX60] Processed:  App\Jobs\SendMessage
[2018-12-04 12:51:47][3IM2nzAJxeRgMnp0m09ZHJnjFNKcljLj] Processing: App\Jobs\SendMessage
[2018-12-04 12:51:51][3IM2nzAJxeRgMnp0m09ZHJnjFNKcljLj] Processed:  App\Jobs\SendMessage
[2018-12-04 12:53:32][dkxuZ5GgcYHccWgFn8OS2CmSTYrH74pn] Processing: App\Jobs\SendMessage
[2018-12-04 12:53:35][dkxuZ5GgcYHccWgFn8OS2CmSTYrH74pn] Processed:  App\Jobs\SendMessage
[2018-12-04 13:00:31][Nk6aFMkQsb4cgy63N9E1IBCfM86ZjOZN] Processing: App\Jobs\SendMessage
[2018-12-04 13:00:35][Nk6aFMkQsb4cgy63N9E1IBCfM86ZjOZN] Processed:  App\Jobs\SendMessage
